  [4;36;1mSQL (0.3ms)[0m   [0;1m SELECT name
 FROM sqlite_master
 WHERE type = 'table' AND NOT name = 'sqlite_sequence'
[0m
  [4;35;1mSQL (0.1ms)[0m   [0mselect sqlite_version(*)[0m
  [4;36;1mSQL (2.4ms)[0m   [0;1mCREATE TABLE "schema_migrations" ("version" varchar(255) NOT NULL) [0m
  [4;35;1mSQL (2.0ms)[0m   [0mCREATE UNIQUE INDEX "unique_schema_migrations" ON "schema_migrations" ("version")[0m
  [4;36;1mSQL (0.2ms)[0m   [0;1m SELECT name
 FROM sqlite_master
 WHERE type = 'table' AND NOT name = 'sqlite_sequence'
[0m
  [4;35;1mSQL (0.1ms)[0m   [0mSELECT version FROM schema_migrations[0m
Migrating to CreateTopics (20090611073227)
  [4;36;1mSQL (0.6ms)[0m   [0;1mCREATE TABLE "topics" ("id" INTEGER PRIMARY KEY AUTOINCREMENT NOT NULL, "title" varchar(255), "description" text, "created_at" datetime, "updated_at" datetime) [0m
  [4;35;1mSQL (0.2ms)[0m   [0mINSERT INTO schema_migrations (version) VALUES ('20090611073227')[0m
  [4;36;1mSQL (0.4ms)[0m   [0;1m SELECT name
 FROM sqlite_master
 WHERE type = 'table' AND NOT name = 'sqlite_sequence'
[0m
  [4;35;1mSQL (0.2ms)[0m   [0mSELECT version FROM schema_migrations[0m
  [4;36;1mSQL (0.2ms)[0m   [0;1m SELECT name
 FROM sqlite_master
 WHERE type = 'table' AND NOT name = 'sqlite_sequence'
[0m
  [4;35;1mSQL (0.0ms)[0m   [0mPRAGMA index_list("topics")[0m


Processing TopicsController#index (for 127.0.0.1 at 2009-06-11 00:42:54) [GET]
  [4;36;1mTopic Load (0.4ms)[0m   [0;1mSELECT * FROM "topics" [0m
Rendering template within layouts/topics
Rendering topics/index
Completed in 93ms (View: 89, DB: 0) | 200 OK [http://localhost/topics]


Processing TopicsController#new (for 127.0.0.1 at 2009-06-11 00:42:59) [GET]
Rendering template within layouts/topics
Rendering topics/new
Completed in 11ms (View: 6, DB: 0) | 200 OK [http://localhost/topics/new]


Processing TopicsController#create (for 127.0.0.1 at 2009-06-11 00:43:05) [POST]
  Parameters: {"commit"=>"Create", "authenticity_token"=>"Wn8ENpZrlGY60AzM3dsN2QzrV5g/QOnYxCOQ3dgFhfQ=", "topic"=>{"title"=>"foo", "description"=>"bar"}}
  [4;35;1mTopic Create (0.4ms)[0m   [0mINSERT INTO "topics" ("updated_at", "title", "description", "created_at") VALUES('2009-06-11 07:43:05', 'foo', 'bar', '2009-06-11 07:43:05')[0m
Redirected to http://localhost:3000/topics/1
Completed in 20ms (DB: 0) | 302 Found [http://localhost/topics]


Processing TopicsController#show (for 127.0.0.1 at 2009-06-11 00:43:05) [GET]
  Parameters: {"id"=>"1"}
  [4;36;1mTopic Load (0.2ms)[0m   [0;1mSELECT * FROM "topics" WHERE ("topics"."id" = 1) [0m
Rendering template within layouts/topics
Rendering topics/show
Completed in 9ms (View: 4, DB: 0) | 200 OK [http://localhost/topics/1]
